<?xml version="1.0" encoding="UTF-8"?>
<!-- Generated by org.testng.reporters.JUnitReportReporter -->
<testsuite skipped="0" hostname="LP-5CD2125X8V" name="LMS.Login.LoginWithMultipleSetsOfData" tests="4" failures="0" timestamp="08 Sep 2023 05:20:02 GMT" time="70.801" errors="0">
  <testcase name="verifyLoginCredentials" time="17.085" classname="LMS.Login.LoginWithMultipleSetsOfData"/>
  <testcase name="verifyLoginCredentials" time="19.039" classname="LMS.Login.LoginWithMultipleSetsOfData"/>
  <testcase name="verifyLoginCredentials" time="17.611" classname="LMS.Login.LoginWithMultipleSetsOfData"/>
  <testcase name="verifyLoginCredentials" time="17.066" classname="LMS.Login.LoginWithMultipleSetsOfData"/>
</testsuite> <!-- LMS.Login.LoginWithMultipleSetsOfData -->
