<?xml version="1.0" encoding="UTF-8"?>
<!-- Generated by org.testng.reporters.JUnitReportReporter -->
<testsuite skipped="0" hostname="LP-5CD2125X8V" name="LMS.Login.Myjob_Calen_Bmark" tests="1" failures="0" timestamp="08 Sep 2023 05:24:40 GMT" time="55.935" errors="0">
  <testcase name="Login" time="55.935" classname="LMS.Login.Myjob_Calen_Bmark"/>
</testsuite> <!-- LMS.Login.Myjob_Calen_Bmark -->
