<?xml version="1.0" encoding="UTF-8"?>
<!-- Generated by org.testng.reporters.JUnitReportReporter -->
<testsuite skipped="0" hostname="LP-5CD2125X8V" name="LMS.Login.DailyTask" tests="1" failures="0" timestamp="08 Sep 2023 05:22:14 GMT" time="45.070" errors="0">
  <testcase name="Login" time="45.070" classname="LMS.Login.DailyTask"/>
</testsuite> <!-- LMS.Login.DailyTask -->
